<?xml version="1.0" encoding="UTF-8"?>
<!-- Generated by org.testng.reporters.JUnitXMLReporter -->
<testsuite ignored="0" hostname="DESKTOP-L5T4Q2H" failures="0" tests="4" name="OrangeHRM Automation Tests" time="180.893" errors="0" timestamp="2026-08-26T17:55:30 IST">
  <testcase classname="tests.LoginTest" name="verifyLogin" time="3.779"/>
  <testcase classname="tests.EmployeeLifeCycleTest" name="employeeLifecycle" time="87.164"/>
  <testcase classname="tests.EmployeeApiTest" name="verifyEmployeeThroughAPI" time="44.404"/>
  <testcase classname="tests.RoleBasedValidationTest" name="verifyAdminRoleAccess" time="3.434"/>
</testsuite> <!-- OrangeHRM Automation Tests -->
