<?xml version="1.0" encoding="UTF-8"?>
<testng-results ignored="0" total="4" passed="4" failed="0" skipped="0">
  <reporter-output>
  </reporter-output>
  <suite started-at="2026-08-26T17:52:29 IST" name="OrangeHRM Test Suite" finished-at="2026-08-26T17:55:30 IST" duration-ms="180893">
    <groups>
      <group name="regression">
        <method signature="EmployeeApiTest.verifyEmployeeThroughAPI()[pri:0, instance:tests.EmployeeApiTest@5fe94a96]" name="verifyEmployeeThroughAPI" class="tests.EmployeeApiTest"/>
        <method signature="EmployeeLifeCycleTest.employeeLifecycle()[pri:0, instance:tests.EmployeeLifeCycleTest@639c2c1d]" name="employeeLifecycle" class="tests.EmployeeLifeCycleTest"/>
        <method signature="LoginTest.verifyLogin()[pri:0, instance:tests.LoginTest@f6efaab]" name="verifyLogin" class="tests.LoginTest"/>
        <method signature="RoleBasedValidationTest.verifyAdminRoleAccess()[pri:0, instance:tests.RoleBasedValidationTest@443118b0]" name="verifyAdminRoleAccess" class="tests.RoleBasedValidationTest"/>
      </group> <!-- regression -->
      <group name="smoke">
        <method signature="EmployeeLifeCycleTest.employeeLifecycle()[pri:0, instance:tests.EmployeeLifeCycleTest@639c2c1d]" name="employeeLifecycle" class="tests.EmployeeLifeCycleTest"/>
        <method signature="LoginTest.verifyLogin()[pri:0, instance:tests.LoginTest@f6efaab]" name="verifyLogin" class="tests.LoginTest"/>
        <method signature="RoleBasedValidationTest.verifyAdminRoleAccess()[pri:0, instance:tests.RoleBasedValidationTest@443118b0]" name="verifyAdminRoleAccess" class="tests.RoleBasedValidationTest"/>
      </group> <!-- smoke -->
    </groups>
    <test started-at="2026-08-26T17:52:29 IST" name="OrangeHRM Automation Tests" finished-at="2026-08-26T17:55:30 IST" duration-ms="180893">
      <class name="tests.EmployeeLifeCycleTest">
        <test-method is-config="true" signature="setUp()[pri:0, instance:tests.EmployeeLifeCycleTest@639c2c1d]" started-at="2026-08-26T17:52:47 IST" name="setUp" finished-at="2026-08-26T17:52:52 IST" duration-ms="5309" status="PASS">
          <reporter-output>
          </reporter-output>
        </test-method> <!-- setUp -->
        <test-method signature="employeeLifecycle()[pri:0, instance:tests.EmployeeLifeCycleTest@639c2c1d]" started-at="2026-08-26T17:52:52 IST" name="employeeLifecycle" finished-at="2026-08-26T17:54:19 IST" duration-ms="87164" status="PASS">
          <reporter-output>
          </reporter-output>
        </test-method> <!-- employeeLifecycle -->
        <test-method is-config="true" signature="tearDown()[pri:0, instance:tests.EmployeeLifeCycleTest@639c2c1d]" started-at="2026-08-26T17:54:19 IST" name="tearDown" finished-at="2026-08-26T17:54:20 IST" duration-ms="537" status="PASS">
          <reporter-output>
          </reporter-output>
        </test-method> <!-- tearDown -->
      </class> <!-- tests.EmployeeLifeCycleTest -->
      <class name="tests.LoginTest">
        <test-method is-config="true" signature="setUp()[pri:0, instance:tests.LoginTest@f6efaab]" started-at="2026-08-26T17:52:29 IST" name="setUp" finished-at="2026-08-26T17:52:43 IST" duration-ms="13318" status="PASS">
          <reporter-output>
          </reporter-output>
        </test-method> <!-- setUp -->
        <test-method signature="verifyLogin()[pri:0, instance:tests.LoginTest@f6efaab]" started-at="2026-08-26T17:52:43 IST" name="verifyLogin" finished-at="2026-08-26T17:52:46 IST" duration-ms="3779" status="PASS">
          <reporter-output>
          </reporter-output>
        </test-method> <!-- verifyLogin -->
        <test-method is-config="true" signature="tearDown()[pri:0, instance:tests.LoginTest@f6efaab]" started-at="2026-08-26T17:52:46 IST" name="tearDown" finished-at="2026-08-26T17:52:47 IST" duration-ms="504" status="PASS">
          <reporter-output>
          </reporter-output>
        </test-method> <!-- tearDown -->
      </class> <!-- tests.LoginTest -->
      <class name="tests.RoleBasedValidationTest">
        <test-method is-config="true" signature="setUp()[pri:0, instance:tests.RoleBasedValidationTest@443118b0]" started-at="2026-08-26T17:55:15 IST" name="setUp" finished-at="2026-08-26T17:55:26 IST" duration-ms="10459" status="PASS">
          <reporter-output>
          </reporter-output>
        </test-method> <!-- setUp -->
        <test-method signature="verifyAdminRoleAccess()[pri:0, instance:tests.RoleBasedValidationTest@443118b0]" started-at="2026-08-26T17:55:26 IST" name="verifyAdminRoleAccess" finished-at="2026-08-26T17:55:29 IST" duration-ms="3434" status="PASS">
          <reporter-output>
          </reporter-output>
        </test-method> <!-- verifyAdminRoleAccess -->
        <test-method is-config="true" signature="tearDown()[pri:0, instance:tests.RoleBasedValidationTest@443118b0]" started-at="2026-08-26T17:55:29 IST" name="tearDown" finished-at="2026-08-26T17:55:30 IST" duration-ms="700" status="PASS">
          <reporter-output>
          </reporter-output>
        </test-method> <!-- tearDown -->
      </class> <!-- tests.RoleBasedValidationTest -->
      <class name="tests.EmployeeApiTest">
        <test-method is-config="true" signature="setUp()[pri:0, instance:tests.EmployeeApiTest@5fe94a96]" started-at="2026-08-26T17:54:20 IST" name="setUp" finished-at="2026-08-26T17:54:31 IST" duration-ms="10665" status="PASS">
          <reporter-output>
          </reporter-output>
        </test-method> <!-- setUp -->
        <test-method signature="verifyEmployeeThroughAPI()[pri:0, instance:tests.EmployeeApiTest@5fe94a96]" started-at="2026-08-26T17:54:31 IST" name="verifyEmployeeThroughAPI" finished-at="2026-08-26T17:55:15 IST" duration-ms="44404" status="PASS">
          <reporter-output>
          </reporter-output>
        </test-method> <!-- verifyEmployeeThroughAPI -->
        <test-method is-config="true" signature="tearDown()[pri:0, instance:tests.EmployeeApiTest@5fe94a96]" started-at="2026-08-26T17:55:15 IST" name="tearDown" finished-at="2026-08-26T17:55:15 IST" duration-ms="492" status="PASS">
          <reporter-output>
          </reporter-output>
        </test-method> <!-- tearDown -->
      </class> <!-- tests.EmployeeApiTest -->
    </test> <!-- OrangeHRM Automation Tests -->
  </suite> <!-- OrangeHRM Test Suite -->
</testng-results>
